{
  "RSpec": {
    "coverage": {
      "/Users/DavidPapamichael/Coding/makers/week_13+/london_takeaway/spec/menu_spec.rb": {
        "lines": [
          null,
          null,
          1,
          null,
          1,
          3,
          3,
          null,
          1,
          1,
          1,
          null,
          null,
          null,
          1,
          1,
          1,
          null,
          null,
          null
        ]
      },
      "/Users/DavidPapamichael/Coding/makers/week_13+/london_takeaway/lib/menu.rb": {
        "lines": [
          null,
          null,
          1,
          1,
          null,
          1,
          4,
          4,
          null,
          null,
          1,
          2,
          6,
          null,
          2,
          null,
          null,
          1,
          7,
          null,
          null,
          1,
          null,
          1,
          4,
          2,
          null,
          null,
          null,
          null
        ]
      },
      "/Users/DavidPapamichael/Coding/makers/week_13+/london_takeaway/spec/message_spec.rb": {
        "lines": [
          null,
          null,
          1,
          null,
          1,
          2,
          2,
          2,
          null,
          1,
          1,
          1,
          1,
          1,
          null,
          null
        ]
      },
      "/Users/DavidPapamichael/Coding/makers/week_13+/london_takeaway/lib/Message.rb": {
        "lines": [
          null,
          null,
          1,
          1,
          1,
          null,
          1,
          1,
          0,
          0,
          0,
          0,
          0,
          0,
          null,
          null,
          1,
          0,
          null,
          null,
          null,
          null,
          null,
          null,
          1,
          0,
          null,
          null
        ]
      },
      "/Users/DavidPapamichael/Coding/makers/week_13+/london_takeaway/spec/order_spec.rb": {
        "lines": [
          null,
          null,
          1,
          null,
          1,
          8,
          8,
          8,
          null,
          8,
          null,
          1,
          7,
          7,
          7,
          7,
          7,
          7,
          null,
          null,
          1,
          1,
          1,
          1,
          null,
          null,
          1,
          3,
          1,
          1,
          1,
          null,
          null,
          1,
          2,
          null,
          null,
          1,
          1,
          null,
          null,
          null,
          1,
          1,
          1,
          null,
          null,
          null,
          1,
          1,
          1,
          1,
          null,
          null,
          1,
          1,
          1,
          null,
          null,
          null
        ]
      },
      "/Users/DavidPapamichael/Coding/makers/week_13+/london_takeaway/lib/order.rb": {
        "lines": [
          null,
          1,
          1,
          null,
          1,
          1,
          null,
          1,
          8,
          8,
          8,
          null,
          null,
          1,
          29,
          28,
          24,
          24,
          null,
          4,
          4,
          null,
          null,
          1,
          null,
          null,
          null,
          1,
          31,
          69,
          null,
          31,
          null,
          null,
          1,
          2,
          6,
          null,
          2,
          2,
          null,
          null,
          1,
          null,
          1,
          29,
          null,
          null,
          1,
          28,
          null,
          null
        ]
      },
      "/Users/DavidPapamichael/Coding/makers/week_13+/london_takeaway/lib/message.rb": {
        "lines": [
          null,
          null,
          1,
          1,
          1,
          null,
          1,
          1,
          3,
          3,
          3,
          3,
          3,
          3,
          null,
          null,
          1,
          1,
          null,
          null,
          null,
          null,
          null,
          null,
          1,
          3,
          null,
          null
        ]
      },
      "/Users/DavidPapamichael/Coding/makers/week_13+/london_takeaway/spec/takeaway_spec.rb": {
        "lines": [
          1,
          null,
          1,
          null,
          null,
          1,
          1,
          1,
          1,
          null,
          1,
          1,
          1,
          null,
          null,
          null,
          1,
          null,
          1,
          1,
          1,
          1,
          1,
          null,
          null,
          null,
          null,
          null,
          null
        ]
      },
      "/Users/DavidPapamichael/Coding/makers/week_13+/london_takeaway/lib/takeaway.rb": {
        "lines": [
          1,
          null,
          1,
          null,
          1,
          null,
          1,
          1,
          null,
          null,
          1,
          1,
          null,
          null,
          1,
          3,
          null,
          null,
          1,
          0,
          null,
          null,
          null
        ]
      }
    },
    "timestamp": 1589209936
  }
}
