{
  "RSpec": {
    "coverage": {
      "/Users/DavidPapamichael/Coding/makers/week_13+/london_takeaway/spec/menu_spec.rb": {
        "lines": [
          1,
          null,
          1,
          null,
          2,
          2,
          null,
          null,
          1,
          1,
          1,
          null,
          null,
          null,
          null
        ]
      },
      "/Users/DavidPapamichael/Coding/makers/week_13+/london_takeaway/lib/menu.rb": {
        "lines": [
          1,
          null,
          1,
          1,
          null,
          null,
          1,
          1,
          3,
          null,
          1,
          null,
          null,
          null
        ]
      }
    },
    "timestamp": 1589115368
  }
}
